src/test/java/karateTest.feature:18
14:33:53.282 [main] INFO  com.intuit.karate.Suite - <<fail>> feature 1 of 1 (0 remaining) src/test/java/karateTest.feature
14:35:51.114 [main] INFO  c.intuit.karate.core.FeatureRuntime - found scenario at line: 11 - ^test .*$
14:35:56.019 [main] DEBUG com.intuit.karate - request:
1 > POST https://api.demoblaze.com/signup
1 > Content-Type: application/json; charset=UTF-8
1 > Content-Length: 48
1 > Host: api.demoblaze.com
1 > Connection: Keep-Alive
1 > User-Agent: Apache-HttpClient/4.5.13 (Java/1.8.0_362)
1 > Accept-Encoding: gzip,deflate
{"username":"Test_user023","password":"TestPsw"}

14:35:57.902 [main] DEBUG com.intuit.karate - response time in milliseconds: 1876
1 < 200
1 < Content-Type: application/json
1 < X-Cloud-Trace-Context: 9ace5112bc37556286a4f5b1bcf5817a
1 < Date: Fri, 03 Mar 2023 19:35:58 GMT
1 < Server: Google Frontend
1 < Content-Length: 3
""


14:35:58.077 [main] INFO  c.intuit.karate.core.FeatureRuntime - found scenario at line: 12 - ^test .*$
14:35:58.115 [main] DEBUG com.intuit.karate - request:
1 > POST https://api.demoblaze.com/signup
1 > Content-Type: application/json; charset=UTF-8
1 > Content-Length: 48
1 > Host: api.demoblaze.com
1 > Connection: Keep-Alive
1 > User-Agent: Apache-HttpClient/4.5.13 (Java/1.8.0_362)
1 > Accept-Encoding: gzip,deflate
{"username":"Test_user023","password":"TestPsw"}

14:35:58.703 [main] DEBUG com.intuit.karate - response time in milliseconds: 588
1 < 200
1 < Content-Type: application/json
1 < Vary: Accept-Encoding
1 < X-Cloud-Trace-Context: 2e471445a5f4ade4c519e2b94e2a56a1
1 < Date: Fri, 03 Mar 2023 19:35:58 GMT
1 < Server: Google Frontend
1 < Cache-Control: private
1 < Transfer-Encoding: chunked
{"errorMessage":"This user already exist."}


14:35:58.736 [main] INFO  c.intuit.karate.core.FeatureRuntime - found scenario at line: 22 - ^test .*$
14:35:58.763 [main] DEBUG com.intuit.karate - request:
1 > POST https://api.demoblaze.com/login
1 > Content-Type: application/json; charset=UTF-8
1 > Content-Length: 47
1 > Host: api.demoblaze.com
1 > Connection: Keep-Alive
1 > User-Agent: Apache-HttpClient/4.5.13 (Java/1.8.0_362)
1 > Accept-Encoding: gzip,deflate
{"username":"Test_user20","password":"TestPsw"}

14:35:59.192 [main] DEBUG com.intuit.karate - response time in milliseconds: 428
1 < 200
1 < Content-Type: application/json
1 < Vary: Accept-Encoding
1 < X-Cloud-Trace-Context: f6e566889c2fdc5becf749fa12fcb6d5
1 < Date: Fri, 03 Mar 2023 19:35:59 GMT
1 < Server: Google Frontend
1 < Cache-Control: private
1 < Transfer-Encoding: chunked
{"errorMessage":"User does not exist."}


14:35:59.199 [main] INFO  c.intuit.karate.core.FeatureRuntime - found scenario at line: 23 - ^test .*$
14:35:59.231 [main] DEBUG com.intuit.karate - request:
1 > POST https://api.demoblaze.com/login
1 > Content-Type: application/json; charset=UTF-8
1 > Content-Length: 49
1 > Host: api.demoblaze.com
1 > Connection: Keep-Alive
1 > User-Agent: Apache-HttpClient/4.5.13 (Java/1.8.0_362)
1 > Accept-Encoding: gzip,deflate
{"username":"Test_user023","password":"TestPs00"}

14:35:59.728 [main] DEBUG com.intuit.karate - response time in milliseconds: 496
1 < 200
1 < Content-Type: application/json
1 < Vary: Accept-Encoding
1 < X-Cloud-Trace-Context: f521c1e484094a51ac12fc99e74423e6
1 < Date: Fri, 03 Mar 2023 19:35:59 GMT
1 < Server: Google Frontend
1 < Cache-Control: private
1 < Transfer-Encoding: chunked
{"errorMessage":"Wrong password."}


14:35:59.734 [main] INFO  c.intuit.karate.core.FeatureRuntime - found scenario at line: 24 - ^test .*$
14:35:59.760 [main] DEBUG com.intuit.karate - request:
1 > POST https://api.demoblaze.com/login
1 > Content-Type: application/json; charset=UTF-8
1 > Content-Length: 48
1 > Host: api.demoblaze.com
1 > Connection: Keep-Alive
1 > User-Agent: Apache-HttpClient/4.5.13 (Java/1.8.0_362)
1 > Accept-Encoding: gzip,deflate
{"username":"Test_user023","password":"TestPsw"}

14:36:00.310 [main] DEBUG com.intuit.karate - response time in milliseconds: 549
1 < 200
1 < Content-Type: application/json
1 < Vary: Accept-Encoding
1 < X-Cloud-Trace-Context: 273be3da212e6cba21ffcda889767b60
1 < Date: Fri, 03 Mar 2023 19:36:00 GMT
1 < Server: Google Frontend
1 < Cache-Control: private
1 < Transfer-Encoding: chunked
"Auth_token: VGVzdF91c2VyMDIzMTY3ODQ3Mg=="


14:36:03.134 [main] INFO  com.intuit.karate.Suite - <<pass>> feature 1 of 1 (0 remaining) src/test/java/karateTest.feature
